# JRE version: Java(TM) SE Runtime Environment (22.0.2+9) (build 22.0.2+9-70)
# Java VM: Java HotSpot(TM) 64-Bit Server VM (22.0.2+9-70, mixed mode, sharing, tiered, compressed oops, compressed class ptrs, g1 gc, windows-amd64)
GC Precious Log:
 CardTable entry size: 512
 Card Set container configuration: InlinePtr #cards 5 size 8 Array Of Cards #cards 12 size 40 Howl #buckets 4 coarsen threshold 1843 Howl Bitmap #cards 512 size 80 coarsen threshold 460 Card regions per heap region 1 cards per card region 2048
 CPUs: 8 total, 8 available
 Memory: 7926M
 Large Page Support: Disabled
 NUMA Support: Disabled
 Compressed Oops: Enabled (32-bit)
 Heap Region Size: 1M
 Heap Min Capacity: 8M
 Heap Initial Capacity: 124M
 Heap Max Capacity: 1982M
 Pre-touch: Disabled
 Parallel Workers: 8
 Concurrent Workers: 2
 Concurrent Refinement Workers: 8
 Periodic GC: Disabled
Heap:
 garbage-first heap   total reserved 2029568K, committed 51200K, used 22432K [0x0000000084200000, 0x0000000100000000)
  region size 1024K, 2 young (2048K), 1 survivors (1024K)
 Metaspace       used 44171K, committed 45120K, reserved 1114112K
  class space    used 5703K, committed 6080K, reserved 1048576K
GC Heap History (20 events):
Event: 9.544 GC heap before
{Heap before GC invocations=5 (full 0):
 garbage-first heap   total reserved 2029568K, committed 40960K, used 32180K [0x0000000084200000, 0x0000000100000000)
  region size 1024K, 22 young (22528K), 3 survivors (3072K)
 Metaspace       used 26994K, committed 27456K, reserved 1114112K
  class space    used 3459K, committed 3648K, reserved 1048576K
}
Event: 9.548 GC heap after
{Heap after GC invocations=6 (full 0):
 garbage-first heap   total reserved 2029568K, committed 40960K, used 15013K [0x0000000084200000, 0x0000000100000000)
  region size 1024K, 2 young (2048K), 2 survivors (2048K)
 Metaspace       used 26994K, committed 27456K, reserved 1114112K
  class space    used 3459K, committed 3648K, reserved 1048576K
}
Event: 10.540 GC heap before
{Heap before GC invocations=6 (full 0):
 garbage-first heap   total reserved 2029568K, committed 40960K, used 34469K [0x0000000084200000, 0x0000000100000000)
  region size 1024K, 21 young (21504K), 2 survivors (2048K)
 Metaspace       used 31986K, committed 32512K, reserved 1114112K
  class space    used 4167K, committed 4416K, reserved 1048576K
}
Event: 10.543 GC heap after
{Heap after GC invocations=7 (full 0):
 garbage-first heap   total reserved 2029568K, committed 40960K, used 16716K [0x0000000084200000, 0x0000000100000000)
  region size 1024K, 3 young (3072K), 3 survivors (3072K)
 Metaspace       used 31986K, committed 32512K, reserved 1114112K
  class space    used 4167K, committed 4416K, reserved 1048576K
}
Event: 10.889 GC heap before
{Heap before GC invocations=7 (full 0):
 garbage-first heap   total reserved 2029568K, committed 40960K, used 30028K [0x0000000084200000, 0x0000000100000000)
  region size 1024K, 17 young (17408K), 3 survivors (3072K)
 Metaspace       used 35433K, committed 35968K, reserved 1114112K
  class space    used 4648K, committed 4864K, reserved 1048576K
}
Event: 10.894 GC heap after
{Heap after GC invocations=8 (full 0):
 garbage-first heap   total reserved 2029568K, committed 40960K, used 18439K [0x0000000084200000, 0x0000000100000000)
  region size 1024K, 2 young (2048K), 2 survivors (2048K)
 Metaspace       used 35433K, committed 35968K, reserved 1114112K
  class space    used 4648K, committed 4864K, reserved 1048576K
}
Event: 11.263 GC heap before
{Heap before GC invocations=9 (full 0):
 garbage-first heap   total reserved 2029568K, committed 40960K, used 33799K [0x0000000084200000, 0x0000000100000000)
  region size 1024K, 18 young (18432K), 2 survivors (2048K)
 Metaspace       used 37460K, committed 38080K, reserved 1114112K
  class space    used 4932K, committed 5248K, reserved 1048576K
}
Event: 11.267 GC heap after
{Heap after GC invocations=10 (full 0):
 garbage-first heap   total reserved 2029568K, committed 40960K, used 19988K [0x0000000084200000, 0x0000000100000000)
  region size 1024K, 3 young (3072K), 3 survivors (3072K)
 Metaspace       used 37460K, committed 38080K, reserved 1114112K
  class space    used 4932K, committed 5248K, reserved 1048576K
}
Event: 11.777 GC heap before
{Heap before GC invocations=10 (full 0):
 garbage-first heap   total reserved 2029568K, committed 40960K, used 34324K [0x0000000084200000, 0x0000000100000000)
  region size 1024K, 18 young (18432K), 3 survivors (3072K)
 Metaspace       used 39550K, committed 40192K, reserved 1114112K
  class space    used 5216K, committed 5504K, reserved 1048576K
}
Event: 11.781 GC heap after
{Heap after GC invocations=11 (full 0):
 garbage-first heap   total reserved 2029568K, committed 41984K, used 21289K [0x0000000084200000, 0x0000000100000000)
  region size 1024K, 2 young (2048K), 2 survivors (2048K)
 Metaspace       used 39550K, committed 40192K, reserved 1114112K
  class space    used 5216K, committed 5504K, reserved 1048576K
}
Event: 60.483 GC heap before
{Heap before GC invocations=11 (full 0):
 garbage-first heap   total reserved 2029568K, committed 41984K, used 34601K [0x0000000084200000, 0x0000000100000000)
  region size 1024K, 16 young (16384K), 2 survivors (2048K)
 Metaspace       used 43636K, committed 44352K, reserved 1114112K
  class space    used 5752K, committed 6080K, reserved 1048576K
}
Event: 60.495 GC heap after
{Heap after GC invocations=12 (full 0):
 garbage-first heap   total reserved 2029568K, committed 41984K, used 22558K [0x0000000084200000, 0x0000000100000000)
  region size 1024K, 2 young (2048K), 2 survivors (2048K)
 Metaspace       used 43636K, committed 44352K, reserved 1114112K
  class space    used 5752K, committed 6080K, reserved 1048576K
}
Event: 454.597 GC heap before
{Heap before GC invocations=13 (full 0):
 garbage-first heap   total reserved 2029568K, committed 41984K, used 35870K [0x0000000084200000, 0x0000000100000000)
  region size 1024K, 15 young (15360K), 2 survivors (2048K)
 Metaspace       used 44020K, committed 44736K, reserved 1114112K
  class space    used 5756K, committed 6080K, reserved 1048576K
}
Event: 454.669 GC heap after
{Heap after GC invocations=14 (full 0):
 garbage-first heap   total reserved 2029568K, committed 51200K, used 22755K [0x0000000084200000, 0x0000000100000000)
  region size 1024K, 1 young (1024K), 1 survivors (1024K)
 Metaspace       used 44020K, committed 44736K, reserved 1114112K
  class space    used 5756K, committed 6080K, reserved 1048576K
}
Event: 1114.229 GC heap before
{Heap before GC invocations=14 (full 0):
 garbage-first heap   total reserved 2029568K, committed 51200K, used 44259K [0x0000000084200000, 0x0000000100000000)
  region size 1024K, 22 young (22528K), 1 survivors (1024K)
 Metaspace       used 44205K, committed 44928K, reserved 1114112K
  class space    used 5756K, committed 6080K, reserved 1048576K
}
Event: 1114.293 GC heap after
{Heap after GC invocations=15 (full 0):
 garbage-first heap   total reserved 2029568K, committed 51200K, used 22309K [0x0000000084200000, 0x0000000100000000)
  region size 1024K, 1 young (1024K), 1 survivors (1024K)
 Metaspace       used 44205K, committed 44928K, reserved 1114112K
  class space    used 5756K, committed 6080K, reserved 1048576K
}
Event: 1805.249 GC heap before
{Heap before GC invocations=15 (full 0):
 garbage-first heap   total reserved 2029568K, committed 51200K, used 44837K [0x0000000084200000, 0x0000000100000000)
  region size 1024K, 23 young (23552K), 1 survivors (1024K)
 Metaspace       used 44279K, committed 44928K, reserved 1114112K
  class space    used 5756K, committed 6080K, reserved 1048576K
}
Event: 1805.300 GC heap after
{Heap after GC invocations=16 (full 0):
 garbage-first heap   total reserved 2029568K, committed 51200K, used 22277K [0x0000000084200000, 0x0000000100000000)
  region size 1024K, 1 young (1024K), 1 survivors (1024K)
 Metaspace       used 44279K, committed 44928K, reserved 1114112K
  class space    used 5756K, committed 6080K, reserved 1048576K
}
Event: 2468.463 GC heap before
{Heap before GC invocations=16 (full 0):
 garbage-first heap   total reserved 2029568K, committed 51200K, used 45829K [0x0000000084200000, 0x0000000100000000)
  region size 1024K, 24 young (24576K), 1 survivors (1024K)
 Metaspace       used 44434K, committed 45120K, reserved 1114112K
  class space    used 5778K, committed 6080K, reserved 1048576K
}
Event: 2468.530 GC heap after
{Heap after GC invocations=17 (full 0):
 garbage-first heap   total reserved 2029568K, committed 51200K, used 22432K [0x0000000084200000, 0x0000000100000000)
  region size 1024K, 1 young (1024K), 1 survivors (1024K)
 Metaspace       used 44434K, committed 45120K, reserved 1114112K
  class space    used 5778K, committed 6080K, reserved 1048576K
}

